  Background.cpp
C:\Users\inter\Documents\programs\Tennis game\Background.cpp(1,1): warning C4819: ファイルは、現在のコード ページ (932) で表示できない文字を含んでいます。データの損失を防ぐために、ファイルを Unicode 形式で保存してください。
C:\Users\inter\Documents\programs\Tennis game\Racket.hpp(1,1): warning C4819: ファイルは、現在のコード ページ (932) で表示できない文字を含んでいます。データの損失を防ぐために、ファイルを Unicode 形式で保存してください。
  (ソース ファイル 'Background.cpp' をコンパイルしています)
  
C:\Users\inter\Documents\programs\Tennis game\Ball.hpp(1,1): warning C4819: ファイルは、現在のコード ページ (932) で表示できない文字を含んでいます。データの損失を防ぐために、ファイルを Unicode 形式で保存してください。
  (ソース ファイル 'Background.cpp' をコンパイルしています)
  
C:\Users\inter\Documents\programs\Tennis game\User.hpp(1,1): warning C4819: ファイルは、現在のコード ページ (932) で表示できない文字を含んでいます。データの損失を防ぐために、ファイルを Unicode 形式で保存してください。
  (ソース ファイル 'Background.cpp' をコンパイルしています)
  
C:\Users\inter\Documents\programs\Tennis game\Background.hpp(1,1): warning C4819: ファイルは、現在のコード ページ (932) で表示できない文字を含んでいます。データの損失を防ぐために、ファイルを Unicode 形式で保存してください。
  (ソース ファイル 'Background.cpp' をコンパイルしています)
  
  User.cpp
C:\Users\inter\Documents\programs\Tennis game\User.cpp(1,1): warning C4819: ファイルは、現在のコード ページ (932) で表示できない文字を含んでいます。データの損失を防ぐために、ファイルを Unicode 形式で保存してください。
C:\Users\inter\Documents\programs\Tennis game\Racket.hpp(1,1): warning C4819: ファイルは、現在のコード ページ (932) で表示できない文字を含んでいます。データの損失を防ぐために、ファイルを Unicode 形式で保存してください。
  (ソース ファイル 'User.cpp' をコンパイルしています)
  
C:\Users\inter\Documents\programs\Tennis game\Ball.hpp(1,1): warning C4819: ファイルは、現在のコード ページ (932) で表示できない文字を含んでいます。データの損失を防ぐために、ファイルを Unicode 形式で保存してください。
  (ソース ファイル 'User.cpp' をコンパイルしています)
  
C:\Users\inter\Documents\programs\Tennis game\User.hpp(1,1): warning C4819: ファイルは、現在のコード ページ (932) で表示できない文字を含んでいます。データの損失を防ぐために、ファイルを Unicode 形式で保存してください。
  (ソース ファイル 'User.cpp' をコンパイルしています)
  
C:\Users\inter\Documents\programs\Tennis game\Background.hpp(1,1): warning C4819: ファイルは、現在のコード ページ (932) で表示できない文字を含んでいます。データの損失を防ぐために、ファイルを Unicode 形式で保存してください。
  (ソース ファイル 'User.cpp' をコンパイルしています)
  
  コードを生成中...
  Tennis game.vcxproj -> C:\Users\inter\Documents\programs\Tennis game\x64\Debug\Tennis game.exe
